<?xml version="1.0" encoding="UTF-8"?>
<testng-results ignored="0" total="2" passed="2" failed="0" skipped="0">
  <reporter-output>
    <line>
      <![CDATA[[INFO ] [2022-10-11 17:24:16,767] Testcase: class com.nopcommerce.user.Suite_04_Register_Login
<br>]]>
    </line>
    <line>
      <![CDATA[[INFO ] [2022-10-11 17:24:16,767] Step: click to Register Link
<br>]]>
    </line>
    <line>
      <![CDATA[[INFO ] [2022-10-11 17:24:17,410] Step: click to Register button
<br>]]>
    </line>
    <line>
      <![CDATA[[INFO ] [2022-10-11 17:24:17,734] Step: Input to FirstName textbox: Nguyen
<br>]]>
    </line>
    <line>
      <![CDATA[[INFO ] [2022-10-11 17:24:17,817] Step: Input to LastName textbox: XSang
<br>]]>
    </line>
    <line>
      <![CDATA[[INFO ] [2022-10-11 17:24:17,909] Step: Input to Email textbox: seleniumonline8788@mailinator.com
<br>]]>
    </line>
    <line>
      <![CDATA[[INFO ] [2022-10-11 17:24:18,020] Step: Input to Password textbox: Abc@123
<br>]]>
    </line>
    <line>
      <![CDATA[[INFO ] [2022-10-11 17:24:18,102] Step: Input to ConfirmPassword textbox: Abc@123
<br>]]>
    </line>
    <line>
      <![CDATA[[INFO ] [2022-10-11 17:24:18,194] Step: click to Register button
<br>]]>
    </line>
    <line>
      <![CDATA[[INFO ] [2022-10-11 17:24:19,020] Step: Assert the results
<br>]]>
    </line>
    <line>
      <![CDATA[[INFO ] [2022-10-11 17:24:19,077] Step: click to Logout button
<br>]]>
    </line>
    <line>
      <![CDATA[[INFO ] [2022-10-11 17:24:19,855] Step: click to Login link
<br>]]>
    </line>
    <line>
      <![CDATA[[INFO ] [2022-10-11 17:24:20,358] Step: input to Email textbox: seleniumonline8788@mailinator.com
<br>]]>
    </line>
    <line>
      <![CDATA[[INFO ] [2022-10-11 17:24:20,447] Step: input to Password textbox: Abc@123
<br>]]>
    </line>
    <line>
      <![CDATA[[INFO ] [2022-10-11 17:24:20,530] Step: click to Login button
<br>]]>
    </line>
    <line>
      <![CDATA[[INFO ] [2022-10-11 17:24:21,238] Step: assert the Results
<br>]]>
    </line>
    <line>
      <![CDATA[[INFO ] [2022-10-11 17:24:21,307] OS name = windows 10
<br>]]>
    </line>
    <line>
      <![CDATA[[INFO ] [2022-10-11 17:24:21,307] Driver instance name = firefoxdriver: firefox on windows (aa77660f-3a02-49e4-b3e6-160ec2f5efec)
<br>]]>
    </line>
  </reporter-output>
  <suite started-at="2022-10-11T10:24:11Z" name="NopCommerce" finished-at="2022-10-11T10:24:22Z" duration-ms="10592">
    <groups>
    </groups>
    <test started-at="2022-10-11T10:24:11Z" name="Run on Firefox" finished-at="2022-10-11T10:24:22Z" duration-ms="10592">
      <class name="com.nopcommerce.user.Suite_04_Register_Login">
        <test-method is-config="true" signature="beforeClass(java.lang.String)[pri:0, instance:com.nopcommerce.user.Suite_04_Register_Login@60b4beb4]" started-at="2022-10-11T10:24:11Z" name="beforeClass" finished-at="2022-10-11T10:24:16Z" duration-ms="5207" status="PASS">
          <params>
            <param index="0">
              <value>
                <![CDATA[firefox]]>
              </value>
            </param>
          </params>
          <reporter-output>
          </reporter-output>
        </test-method> <!-- beforeClass -->
        <test-method signature="TC_03_Register_Valid_Information()[pri:0, instance:com.nopcommerce.user.Suite_04_Register_Login@60b4beb4]" started-at="2022-10-11T10:24:16Z" name="TC_03_Register_Valid_Information" finished-at="2022-10-11T10:24:19Z" duration-ms="3081" status="PASS">
          <reporter-output>
            <line>
              <![CDATA[[INFO ] [2022-10-11 17:24:16,767] Testcase: class com.nopcommerce.user.Suite_04_Register_Login
<br>]]>
            </line>
            <line>
              <![CDATA[[INFO ] [2022-10-11 17:24:16,767] Step: click to Register Link
<br>]]>
            </line>
            <line>
              <![CDATA[[INFO ] [2022-10-11 17:24:17,410] Step: click to Register button
<br>]]>
            </line>
            <line>
              <![CDATA[[INFO ] [2022-10-11 17:24:17,734] Step: Input to FirstName textbox: Nguyen
<br>]]>
            </line>
            <line>
              <![CDATA[[INFO ] [2022-10-11 17:24:17,817] Step: Input to LastName textbox: XSang
<br>]]>
            </line>
            <line>
              <![CDATA[[INFO ] [2022-10-11 17:24:17,909] Step: Input to Email textbox: seleniumonline8788@mailinator.com
<br>]]>
            </line>
            <line>
              <![CDATA[[INFO ] [2022-10-11 17:24:18,020] Step: Input to Password textbox: Abc@123
<br>]]>
            </line>
            <line>
              <![CDATA[[INFO ] [2022-10-11 17:24:18,102] Step: Input to ConfirmPassword textbox: Abc@123
<br>]]>
            </line>
            <line>
              <![CDATA[[INFO ] [2022-10-11 17:24:18,194] Step: click to Register button
<br>]]>
            </line>
            <line>
              <![CDATA[[INFO ] [2022-10-11 17:24:19,020] Step: Assert the results
<br>]]>
            </line>
            <line>
              <![CDATA[[INFO ] [2022-10-11 17:24:19,077] Step: click to Logout button
<br>]]>
            </line>
          </reporter-output>
        </test-method> <!-- TC_03_Register_Valid_Information -->
        <test-method signature="TC_06_Login_Valid_Email_Valid_Password()[pri:0, instance:com.nopcommerce.user.Suite_04_Register_Login@60b4beb4]" started-at="2022-10-11T10:24:19Z" name="TC_06_Login_Valid_Email_Valid_Password" finished-at="2022-10-11T10:24:21Z" duration-ms="1451" status="PASS">
          <reporter-output>
            <line>
              <![CDATA[[INFO ] [2022-10-11 17:24:19,855] Step: click to Login link
<br>]]>
            </line>
            <line>
              <![CDATA[[INFO ] [2022-10-11 17:24:20,358] Step: input to Email textbox: seleniumonline8788@mailinator.com
<br>]]>
            </line>
            <line>
              <![CDATA[[INFO ] [2022-10-11 17:24:20,447] Step: input to Password textbox: Abc@123
<br>]]>
            </line>
            <line>
              <![CDATA[[INFO ] [2022-10-11 17:24:20,530] Step: click to Login button
<br>]]>
            </line>
            <line>
              <![CDATA[[INFO ] [2022-10-11 17:24:21,238] Step: assert the Results
<br>]]>
            </line>
          </reporter-output>
        </test-method> <!-- TC_06_Login_Valid_Email_Valid_Password -->
        <test-method is-config="true" signature="afterClass()[pri:0, instance:com.nopcommerce.user.Suite_04_Register_Login@60b4beb4]" started-at="2022-10-11T10:24:21Z" name="afterClass" finished-at="2022-10-11T10:24:22Z" duration-ms="753" status="PASS">
          <reporter-output>
            <line>
              <![CDATA[[INFO ] [2022-10-11 17:24:21,307] OS name = windows 10
<br>]]>
            </line>
            <line>
              <![CDATA[[INFO ] [2022-10-11 17:24:21,307] Driver instance name = firefoxdriver: firefox on windows (aa77660f-3a02-49e4-b3e6-160ec2f5efec)
<br>]]>
            </line>
          </reporter-output>
        </test-method> <!-- afterClass -->
      </class> <!-- com.nopcommerce.user.Suite_04_Register_Login -->
    </test> <!-- Run on Firefox -->
  </suite> <!-- NopCommerce -->
</testng-results>
