<?xml version="1.0" encoding="UTF-8"?>
<testng-results ignored="0" total="2" passed="2" failed="0" skipped="0">
  <reporter-output>
    <line>
      <![CDATA[[INFO ] [2022-10-11 17:20:02,652] Testcase: class com.nopcommerce.user.Suite_04_Register_Login
<br>]]>
    </line>
    <line>
      <![CDATA[[INFO ] [2022-10-11 17:20:02,653] Step: click to Register Link
<br>]]>
    </line>
    <line>
      <![CDATA[[INFO ] [2022-10-11 17:20:03,978] Step: click to Register button
<br>]]>
    </line>
    <line>
      <![CDATA[[INFO ] [2022-10-11 17:20:04,280] Step: Input to FirstName textbox: Nguyen
<br>]]>
    </line>
    <line>
      <![CDATA[[INFO ] [2022-10-11 17:20:04,374] Step: Input to LastName textbox: XSang
<br>]]>
    </line>
    <line>
      <![CDATA[[INFO ] [2022-10-11 17:20:04,480] Step: Input to Email textbox: seleniumonline1197@mailinator.com
<br>]]>
    </line>
    <line>
      <![CDATA[[INFO ] [2022-10-11 17:20:04,610] Step: Input to Password textbox: Abc@123
<br>]]>
    </line>
    <line>
      <![CDATA[[INFO ] [2022-10-11 17:20:04,716] Step: Input to ConfirmPassword textbox: Abc@123
<br>]]>
    </line>
    <line>
      <![CDATA[[INFO ] [2022-10-11 17:20:04,809] Step: click to Register button
<br>]]>
    </line>
    <line>
      <![CDATA[[INFO ] [2022-10-11 17:20:05,773] Step: Assert the results
<br>]]>
    </line>
    <line>
      <![CDATA[[INFO ] [2022-10-11 17:20:05,835] Step: click to Logout button
<br>]]>
    </line>
    <line>
      <![CDATA[[INFO ] [2022-10-11 17:20:06,754] Step: click to Login link
<br>]]>
    </line>
    <line>
      <![CDATA[[INFO ] [2022-10-11 17:20:07,405] Step: input to Email textbox: seleniumonline1197@mailinator.com
<br>]]>
    </line>
    <line>
      <![CDATA[[INFO ] [2022-10-11 17:20:07,543] Step: input to Password textbox: Abc@123
<br>]]>
    </line>
    <line>
      <![CDATA[[INFO ] [2022-10-11 17:20:07,653] Step: click to Login button
<br>]]>
    </line>
    <line>
      <![CDATA[[INFO ] [2022-10-11 17:20:08,437] Step: assert the Results
<br>]]>
    </line>
    <line>
      <![CDATA[[INFO ] [2022-10-11 17:20:08,517] OS name = windows 10
<br>]]>
    </line>
    <line>
      <![CDATA[[INFO ] [2022-10-11 17:20:08,517] Driver instance name = firefoxdriver: firefox on windows (dcb5b5ef-da3b-4d83-9e0d-3cbba4d2e784)
<br>]]>
    </line>
  </reporter-output>
  <suite started-at="2022-10-11T10:19:58Z" name="NopCommerce" finished-at="2022-10-11T10:20:09Z" duration-ms="11168">
    <groups>
    </groups>
    <test started-at="2022-10-11T10:19:58Z" name="Run on Firefox" finished-at="2022-10-11T10:20:09Z" duration-ms="11168">
      <class name="com.nopcommerce.user.Suite_04_Register_Login">
        <test-method is-config="true" signature="beforeClass(java.lang.String)[pri:0, instance:com.nopcommerce.user.Suite_04_Register_Login@60b4beb4]" started-at="2022-10-11T10:19:58Z" name="beforeClass" finished-at="2022-10-11T10:20:02Z" duration-ms="4369" status="PASS">
          <params>
            <param index="0">
              <value>
                <![CDATA[firefox]]>
              </value>
            </param>
          </params>
          <reporter-output>
          </reporter-output>
        </test-method> <!-- beforeClass -->
        <test-method signature="TC_03_Register_Valid_Information()[pri:0, instance:com.nopcommerce.user.Suite_04_Register_Login@60b4beb4]" started-at="2022-10-11T10:20:02Z" name="TC_03_Register_Valid_Information" finished-at="2022-10-11T10:20:06Z" duration-ms="4055" status="PASS">
          <reporter-output>
            <line>
              <![CDATA[[INFO ] [2022-10-11 17:20:02,652] Testcase: class com.nopcommerce.user.Suite_04_Register_Login
<br>]]>
            </line>
            <line>
              <![CDATA[[INFO ] [2022-10-11 17:20:02,653] Step: click to Register Link
<br>]]>
            </line>
            <line>
              <![CDATA[[INFO ] [2022-10-11 17:20:03,978] Step: click to Register button
<br>]]>
            </line>
            <line>
              <![CDATA[[INFO ] [2022-10-11 17:20:04,280] Step: Input to FirstName textbox: Nguyen
<br>]]>
            </line>
            <line>
              <![CDATA[[INFO ] [2022-10-11 17:20:04,374] Step: Input to LastName textbox: XSang
<br>]]>
            </line>
            <line>
              <![CDATA[[INFO ] [2022-10-11 17:20:04,480] Step: Input to Email textbox: seleniumonline1197@mailinator.com
<br>]]>
            </line>
            <line>
              <![CDATA[[INFO ] [2022-10-11 17:20:04,610] Step: Input to Password textbox: Abc@123
<br>]]>
            </line>
            <line>
              <![CDATA[[INFO ] [2022-10-11 17:20:04,716] Step: Input to ConfirmPassword textbox: Abc@123
<br>]]>
            </line>
            <line>
              <![CDATA[[INFO ] [2022-10-11 17:20:04,809] Step: click to Register button
<br>]]>
            </line>
            <line>
              <![CDATA[[INFO ] [2022-10-11 17:20:05,773] Step: Assert the results
<br>]]>
            </line>
            <line>
              <![CDATA[[INFO ] [2022-10-11 17:20:05,835] Step: click to Logout button
<br>]]>
            </line>
          </reporter-output>
        </test-method> <!-- TC_03_Register_Valid_Information -->
        <test-method signature="TC_06_Login_Valid_Email_Valid_Password()[pri:0, instance:com.nopcommerce.user.Suite_04_Register_Login@60b4beb4]" started-at="2022-10-11T10:20:06Z" name="TC_06_Login_Valid_Email_Valid_Password" finished-at="2022-10-11T10:20:08Z" duration-ms="1762" status="PASS">
          <reporter-output>
            <line>
              <![CDATA[[INFO ] [2022-10-11 17:20:06,754] Step: click to Login link
<br>]]>
            </line>
            <line>
              <![CDATA[[INFO ] [2022-10-11 17:20:07,405] Step: input to Email textbox: seleniumonline1197@mailinator.com
<br>]]>
            </line>
            <line>
              <![CDATA[[INFO ] [2022-10-11 17:20:07,543] Step: input to Password textbox: Abc@123
<br>]]>
            </line>
            <line>
              <![CDATA[[INFO ] [2022-10-11 17:20:07,653] Step: click to Login button
<br>]]>
            </line>
            <line>
              <![CDATA[[INFO ] [2022-10-11 17:20:08,437] Step: assert the Results
<br>]]>
            </line>
          </reporter-output>
        </test-method> <!-- TC_06_Login_Valid_Email_Valid_Password -->
        <test-method is-config="true" signature="afterClass()[pri:0, instance:com.nopcommerce.user.Suite_04_Register_Login@60b4beb4]" started-at="2022-10-11T10:20:08Z" name="afterClass" finished-at="2022-10-11T10:20:09Z" duration-ms="854" status="PASS">
          <reporter-output>
            <line>
              <![CDATA[[INFO ] [2022-10-11 17:20:08,517] OS name = windows 10
<br>]]>
            </line>
            <line>
              <![CDATA[[INFO ] [2022-10-11 17:20:08,517] Driver instance name = firefoxdriver: firefox on windows (dcb5b5ef-da3b-4d83-9e0d-3cbba4d2e784)
<br>]]>
            </line>
          </reporter-output>
        </test-method> <!-- afterClass -->
      </class> <!-- com.nopcommerce.user.Suite_04_Register_Login -->
    </test> <!-- Run on Firefox -->
  </suite> <!-- NopCommerce -->
</testng-results>
